2015-12-01 15:47:13 ERROR [br.com.tcc.service.impl.MonitorServiceImpl] - Erro na rotina de monitoramento.
org.hibernate.exception.SQLGrammarException: could not prepare statement
	at org.hibernate.exception.internal.SQLExceptionTypeDelegate.convert(SQLExceptionTypeDelegate.java:80) ~[hibernate-core-4.3.11.Final.jar:4.3.11.Final]
	at org.hibernate.exception.internal.StandardSQLExceptionConverter.convert(StandardSQLExceptionConverter.java:49) ~[hibernate-core-4.3.11.Final.jar:4.3.11.Final]
	at org.hibernate.engine.jdbc.spi.SqlExceptionHelper.convert(SqlExceptionHelper.java:126) ~[hibernate-core-4.3.11.Final.jar:4.3.11.Final]
	at org.hibernate.engine.jdbc.internal.StatementPreparerImpl$StatementPreparationTemplate.prepareStatement(StatementPreparerImpl.java:196) ~[hibernate-core-4.3.11.Final.jar:4.3.11.Final]
	at org.hibernate.engine.jdbc.internal.StatementPreparerImpl.prepareQueryStatement(StatementPreparerImpl.java:160) ~[hibernate-core-4.3.11.Final.jar:4.3.11.Final]
	at org.hibernate.loader.Loader.prepareQueryStatement(Loader.java:1885) ~[hibernate-core-4.3.11.Final.jar:4.3.11.Final]
	at org.hibernate.loader.Loader.executeQueryStatement(Loader.java:1862) ~[hibernate-core-4.3.11.Final.jar:4.3.11.Final]
	at org.hibernate.loader.Loader.executeQueryStatement(Loader.java:1839) ~[hibernate-core-4.3.11.Final.jar:4.3.11.Final]
	at org.hibernate.loader.Loader.doQuery(Loader.java:910) ~[hibernate-core-4.3.11.Final.jar:4.3.11.Final]
	at org.hibernate.loader.Loader.doQueryAndInitializeNonLazyCollections(Loader.java:355) ~[hibernate-core-4.3.11.Final.jar:4.3.11.Final]
	at org.hibernate.loader.Loader.doList(Loader.java:2554) ~[hibernate-core-4.3.11.Final.jar:4.3.11.Final]
	at org.hibernate.loader.Loader.doList(Loader.java:2540) ~[hibernate-core-4.3.11.Final.jar:4.3.11.Final]
	at org.hibernate.loader.Loader.listIgnoreQueryCache(Loader.java:2370) ~[hibernate-core-4.3.11.Final.jar:4.3.11.Final]
	at org.hibernate.loader.Loader.list(Loader.java:2365) ~[hibernate-core-4.3.11.Final.jar:4.3.11.Final]
	at org.hibernate.loader.criteria.CriteriaLoader.list(CriteriaLoader.java:126) ~[hibernate-core-4.3.11.Final.jar:4.3.11.Final]
	at org.hibernate.internal.SessionImpl.list(SessionImpl.java:1718) ~[hibernate-core-4.3.11.Final.jar:4.3.11.Final]
	at org.hibernate.internal.CriteriaImpl.list(CriteriaImpl.java:380) ~[hibernate-core-4.3.11.Final.jar:4.3.11.Final]
	at br.com.tcc.service.persistence.HibernateCrudDao.findAll(HibernateCrudDao.java:103) ~[classes/:na]
	at br.com.tcc.service.persistence.HibernateCrudDao.findAll(HibernateCrudDao.java:91) ~[classes/:na]
	at br.com.tcc.service.impl.MonitorServiceImpl.reachableVerify(MonitorServiceImpl.java:52) ~[classes/:na]
	at br.com.tcc.service.impl.MonitorServiceImpl$$FastClassBySpringCGLIB$$e8bab420.invoke(<generated>) [spring-core-4.2.2.RELEASE.jar:na]
	at org.springframework.cglib.proxy.MethodProxy.invoke(MethodProxy.java:204) [spring-core-4.2.2.RELEASE.jar:4.2.2.RELEASE]
	at org.springframework.aop.framework.CglibAopProxy$CglibMethodInvocation.invokeJoinpoint(CglibAopProxy.java:717) [spring-aop-4.2.2.RELEASE.jar:4.2.2.RELEASE]
	at org.springframework.aop.framework.ReflectiveMethodInvocation.proceed(ReflectiveMethodInvocation.java:157) [spring-aop-4.2.2.RELEASE.jar:4.2.2.RELEASE]
	at org.springframework.transaction.interceptor.TransactionInterceptor$1.proceedWithInvocation(TransactionInterceptor.java:99) [spring-tx-4.2.2.RELEASE.jar:4.2.2.RELEASE]
	at org.springframework.transaction.interceptor.TransactionAspectSupport.invokeWithinTransaction(TransactionAspectSupport.java:281) [spring-tx-4.2.2.RELEASE.jar:4.2.2.RELEASE]
	at org.springframework.transaction.interceptor.TransactionInterceptor.invoke(TransactionInterceptor.java:96) [spring-tx-4.2.2.RELEASE.jar:4.2.2.RELEASE]
	at org.springframework.aop.framework.ReflectiveMethodInvocation.proceed(ReflectiveMethodInvocation.java:179) [spring-aop-4.2.2.RELEASE.jar:4.2.2.RELEASE]
	at org.springframework.aop.framework.CglibAopProxy$DynamicAdvisedInterceptor.intercept(CglibAopProxy.java:653) [spring-aop-4.2.2.RELEASE.jar:4.2.2.RELEASE]
	at br.com.tcc.service.impl.MonitorServiceImpl$$EnhancerBySpringCGLIB$$5fc1721b.reachableVerify(<generated>) [spring-core-4.2.2.RELEASE.jar:na]
	at sun.reflect.NativeMethodAccessorImpl.invoke0(Native Method) ~[na:1.7.0_21]
	at sun.reflect.NativeMethodAccessorImpl.invoke(NativeMethodAccessorImpl.java:57) ~[na:1.7.0_21]
	at sun.reflect.DelegatingMethodAccessorImpl.invoke(DelegatingMethodAccessorImpl.java:43) ~[na:1.7.0_21]
	at java.lang.reflect.Method.invoke(Method.java:601) ~[na:1.7.0_21]
	at org.springframework.util.MethodInvoker.invoke(MethodInvoker.java:269) [spring-core-4.2.2.RELEASE.jar:4.2.2.RELEASE]
	at org.springframework.scheduling.quartz.MethodInvokingJobDetailFactoryBean$MethodInvokingJob.executeInternal(MethodInvokingJobDetailFactoryBean.java:257) [spring-context-support-4.2.2.RELEASE.jar:4.2.2.RELEASE]
	at org.springframework.scheduling.quartz.QuartzJobBean.execute(QuartzJobBean.java:75) [spring-context-support-4.2.2.RELEASE.jar:4.2.2.RELEASE]
	at org.quartz.core.JobRunShell.run(JobRunShell.java:202) [quartz-2.2.2.jar:na]
	at org.quartz.simpl.SimpleThreadPool$WorkerThread.run(SimpleThreadPool.java:573) [quartz-2.2.2.jar:na]
Caused by: java.sql.SQLSyntaxErrorException: user lacks privilege or object not found: TARGET
	at org.hsqldb.jdbc.JDBCUtil.sqlException(Unknown Source) ~[hsqldb-2.3.3.jar:2.3.3]
	at org.hsqldb.jdbc.JDBCUtil.sqlException(Unknown Source) ~[hsqldb-2.3.3.jar:2.3.3]
	at org.hsqldb.jdbc.JDBCPreparedStatement.<init>(Unknown Source) ~[hsqldb-2.3.3.jar:2.3.3]
	at org.hsqldb.jdbc.JDBCConnection.prepareStatement(Unknown Source) ~[hsqldb-2.3.3.jar:2.3.3]
	at sun.reflect.NativeMethodAccessorImpl.invoke0(Native Method) ~[na:1.7.0_21]
	at sun.reflect.NativeMethodAccessorImpl.invoke(NativeMethodAccessorImpl.java:57) ~[na:1.7.0_21]
	at sun.reflect.DelegatingMethodAccessorImpl.invoke(DelegatingMethodAccessorImpl.java:43) ~[na:1.7.0_21]
	at java.lang.reflect.Method.invoke(Method.java:601) ~[na:1.7.0_21]
	at org.springframework.jdbc.datasource.SingleConnectionDataSource$CloseSuppressingInvocationHandler.invoke(SingleConnectionDataSource.java:333) ~[spring-jdbc-4.2.2.RELEASE.jar:4.2.2.RELEASE]
	at com.sun.proxy.$Proxy15.prepareStatement(Unknown Source) ~[na:na]
	at org.hibernate.engine.jdbc.internal.StatementPreparerImpl$5.doPrepare(StatementPreparerImpl.java:162) ~[hibernate-core-4.3.11.Final.jar:4.3.11.Final]
	at org.hibernate.engine.jdbc.internal.StatementPreparerImpl$StatementPreparationTemplate.prepareStatement(StatementPreparerImpl.java:186) ~[hibernate-core-4.3.11.Final.jar:4.3.11.Final]
	... 35 common frames omitted
Caused by: org.hsqldb.HsqlException: user lacks privilege or object not found: TARGET
	at org.hsqldb.error.Error.error(Unknown Source) ~[hsqldb-2.3.3.jar:2.3.3]
	at org.hsqldb.error.Error.error(Unknown Source) ~[hsqldb-2.3.3.jar:2.3.3]
	at org.hsqldb.ParserDQL.readTableName(Unknown Source) ~[hsqldb-2.3.3.jar:2.3.3]
	at org.hsqldb.ParserDQL.readTableOrSubquery(Unknown Source) ~[hsqldb-2.3.3.jar:2.3.3]
	at org.hsqldb.ParserDQL.XreadTableReference(Unknown Source) ~[hsqldb-2.3.3.jar:2.3.3]
	at org.hsqldb.ParserDQL.XreadFromClause(Unknown Source) ~[hsqldb-2.3.3.jar:2.3.3]
	at org.hsqldb.ParserDQL.XreadTableExpression(Unknown Source) ~[hsqldb-2.3.3.jar:2.3.3]
	at org.hsqldb.ParserDQL.XreadQuerySpecification(Unknown Source) ~[hsqldb-2.3.3.jar:2.3.3]
	at org.hsqldb.ParserDQL.XreadSimpleTable(Unknown Source) ~[hsqldb-2.3.3.jar:2.3.3]
	at org.hsqldb.ParserDQL.XreadQueryPrimary(Unknown Source) ~[hsqldb-2.3.3.jar:2.3.3]
	at org.hsqldb.ParserDQL.XreadQueryTerm(Unknown Source) ~[hsqldb-2.3.3.jar:2.3.3]
	at org.hsqldb.ParserDQL.XreadQueryExpressionBody(Unknown Source) ~[hsqldb-2.3.3.jar:2.3.3]
	at org.hsqldb.ParserDQL.XreadQueryExpression(Unknown Source) ~[hsqldb-2.3.3.jar:2.3.3]
	at org.hsqldb.ParserDQL.compileCursorSpecification(Unknown Source) ~[hsqldb-2.3.3.jar:2.3.3]
	at org.hsqldb.ParserCommand.compilePart(Unknown Source) ~[hsqldb-2.3.3.jar:2.3.3]
	at org.hsqldb.ParserCommand.compileStatement(Unknown Source) ~[hsqldb-2.3.3.jar:2.3.3]
	at org.hsqldb.Session.compileStatement(Unknown Source) ~[hsqldb-2.3.3.jar:2.3.3]
	at org.hsqldb.StatementManager.compile(Unknown Source) ~[hsqldb-2.3.3.jar:2.3.3]
	at org.hsqldb.Session.execute(Unknown Source) ~[hsqldb-2.3.3.jar:2.3.3]
	... 45 common frames omitted
2015-12-01 15:48:13 ERROR [br.com.tcc.service.impl.MonitorServiceImpl] - Erro na rotina de monitoramento.
org.hibernate.exception.SQLGrammarException: could not prepare statement
	at org.hibernate.exception.internal.SQLExceptionTypeDelegate.convert(SQLExceptionTypeDelegate.java:80) ~[hibernate-core-4.3.11.Final.jar:4.3.11.Final]
	at org.hibernate.exception.internal.StandardSQLExceptionConverter.convert(StandardSQLExceptionConverter.java:49) ~[hibernate-core-4.3.11.Final.jar:4.3.11.Final]
	at org.hibernate.engine.jdbc.spi.SqlExceptionHelper.convert(SqlExceptionHelper.java:126) ~[hibernate-core-4.3.11.Final.jar:4.3.11.Final]
	at org.hibernate.engine.jdbc.internal.StatementPreparerImpl$StatementPreparationTemplate.prepareStatement(StatementPreparerImpl.java:196) ~[hibernate-core-4.3.11.Final.jar:4.3.11.Final]
	at org.hibernate.engine.jdbc.internal.StatementPreparerImpl.prepareQueryStatement(StatementPreparerImpl.java:160) ~[hibernate-core-4.3.11.Final.jar:4.3.11.Final]
	at org.hibernate.loader.Loader.prepareQueryStatement(Loader.java:1885) ~[hibernate-core-4.3.11.Final.jar:4.3.11.Final]
	at org.hibernate.loader.Loader.executeQueryStatement(Loader.java:1862) ~[hibernate-core-4.3.11.Final.jar:4.3.11.Final]
	at org.hibernate.loader.Loader.executeQueryStatement(Loader.java:1839) ~[hibernate-core-4.3.11.Final.jar:4.3.11.Final]
	at org.hibernate.loader.Loader.doQuery(Loader.java:910) ~[hibernate-core-4.3.11.Final.jar:4.3.11.Final]
	at org.hibernate.loader.Loader.doQueryAndInitializeNonLazyCollections(Loader.java:355) ~[hibernate-core-4.3.11.Final.jar:4.3.11.Final]
	at org.hibernate.loader.Loader.doList(Loader.java:2554) ~[hibernate-core-4.3.11.Final.jar:4.3.11.Final]
	at org.hibernate.loader.Loader.doList(Loader.java:2540) ~[hibernate-core-4.3.11.Final.jar:4.3.11.Final]
	at org.hibernate.loader.Loader.listIgnoreQueryCache(Loader.java:2370) ~[hibernate-core-4.3.11.Final.jar:4.3.11.Final]
	at org.hibernate.loader.Loader.list(Loader.java:2365) ~[hibernate-core-4.3.11.Final.jar:4.3.11.Final]
	at org.hibernate.loader.criteria.CriteriaLoader.list(CriteriaLoader.java:126) ~[hibernate-core-4.3.11.Final.jar:4.3.11.Final]
	at org.hibernate.internal.SessionImpl.list(SessionImpl.java:1718) ~[hibernate-core-4.3.11.Final.jar:4.3.11.Final]
	at org.hibernate.internal.CriteriaImpl.list(CriteriaImpl.java:380) ~[hibernate-core-4.3.11.Final.jar:4.3.11.Final]
	at br.com.tcc.service.persistence.HibernateCrudDao.findAll(HibernateCrudDao.java:103) ~[classes/:na]
	at br.com.tcc.service.persistence.HibernateCrudDao.findAll(HibernateCrudDao.java:91) ~[classes/:na]
	at br.com.tcc.service.impl.MonitorServiceImpl.reachableVerify(MonitorServiceImpl.java:52) ~[classes/:na]
	at br.com.tcc.service.impl.MonitorServiceImpl$$FastClassBySpringCGLIB$$e8bab420.invoke(<generated>) [spring-core-4.2.2.RELEASE.jar:na]
	at org.springframework.cglib.proxy.MethodProxy.invoke(MethodProxy.java:204) [spring-core-4.2.2.RELEASE.jar:4.2.2.RELEASE]
	at org.springframework.aop.framework.CglibAopProxy$CglibMethodInvocation.invokeJoinpoint(CglibAopProxy.java:717) [spring-aop-4.2.2.RELEASE.jar:4.2.2.RELEASE]
	at org.springframework.aop.framework.ReflectiveMethodInvocation.proceed(ReflectiveMethodInvocation.java:157) [spring-aop-4.2.2.RELEASE.jar:4.2.2.RELEASE]
	at org.springframework.transaction.interceptor.TransactionInterceptor$1.proceedWithInvocation(TransactionInterceptor.java:99) [spring-tx-4.2.2.RELEASE.jar:4.2.2.RELEASE]
	at org.springframework.transaction.interceptor.TransactionAspectSupport.invokeWithinTransaction(TransactionAspectSupport.java:281) [spring-tx-4.2.2.RELEASE.jar:4.2.2.RELEASE]
	at org.springframework.transaction.interceptor.TransactionInterceptor.invoke(TransactionInterceptor.java:96) [spring-tx-4.2.2.RELEASE.jar:4.2.2.RELEASE]
	at org.springframework.aop.framework.ReflectiveMethodInvocation.proceed(ReflectiveMethodInvocation.java:179) [spring-aop-4.2.2.RELEASE.jar:4.2.2.RELEASE]
	at org.springframework.aop.framework.CglibAopProxy$DynamicAdvisedInterceptor.intercept(CglibAopProxy.java:653) [spring-aop-4.2.2.RELEASE.jar:4.2.2.RELEASE]
	at br.com.tcc.service.impl.MonitorServiceImpl$$EnhancerBySpringCGLIB$$5fc1721b.reachableVerify(<generated>) [spring-core-4.2.2.RELEASE.jar:na]
	at sun.reflect.NativeMethodAccessorImpl.invoke0(Native Method) ~[na:1.7.0_21]
	at sun.reflect.NativeMethodAccessorImpl.invoke(NativeMethodAccessorImpl.java:57) ~[na:1.7.0_21]
	at sun.reflect.DelegatingMethodAccessorImpl.invoke(DelegatingMethodAccessorImpl.java:43) ~[na:1.7.0_21]
	at java.lang.reflect.Method.invoke(Method.java:601) ~[na:1.7.0_21]
	at org.springframework.util.MethodInvoker.invoke(MethodInvoker.java:269) [spring-core-4.2.2.RELEASE.jar:4.2.2.RELEASE]
	at org.springframework.scheduling.quartz.MethodInvokingJobDetailFactoryBean$MethodInvokingJob.executeInternal(MethodInvokingJobDetailFactoryBean.java:257) [spring-context-support-4.2.2.RELEASE.jar:4.2.2.RELEASE]
	at org.springframework.scheduling.quartz.QuartzJobBean.execute(QuartzJobBean.java:75) [spring-context-support-4.2.2.RELEASE.jar:4.2.2.RELEASE]
	at org.quartz.core.JobRunShell.run(JobRunShell.java:202) [quartz-2.2.2.jar:na]
	at org.quartz.simpl.SimpleThreadPool$WorkerThread.run(SimpleThreadPool.java:573) [quartz-2.2.2.jar:na]
Caused by: java.sql.SQLSyntaxErrorException: user lacks privilege or object not found: TARGET
	at org.hsqldb.jdbc.JDBCUtil.sqlException(Unknown Source) ~[hsqldb-2.3.3.jar:2.3.3]
	at org.hsqldb.jdbc.JDBCUtil.sqlException(Unknown Source) ~[hsqldb-2.3.3.jar:2.3.3]
	at org.hsqldb.jdbc.JDBCPreparedStatement.<init>(Unknown Source) ~[hsqldb-2.3.3.jar:2.3.3]
	at org.hsqldb.jdbc.JDBCConnection.prepareStatement(Unknown Source) ~[hsqldb-2.3.3.jar:2.3.3]
	at sun.reflect.NativeMethodAccessorImpl.invoke0(Native Method) ~[na:1.7.0_21]
	at sun.reflect.NativeMethodAccessorImpl.invoke(NativeMethodAccessorImpl.java:57) ~[na:1.7.0_21]
	at sun.reflect.DelegatingMethodAccessorImpl.invoke(DelegatingMethodAccessorImpl.java:43) ~[na:1.7.0_21]
	at java.lang.reflect.Method.invoke(Method.java:601) ~[na:1.7.0_21]
	at org.springframework.jdbc.datasource.SingleConnectionDataSource$CloseSuppressingInvocationHandler.invoke(SingleConnectionDataSource.java:333) ~[spring-jdbc-4.2.2.RELEASE.jar:4.2.2.RELEASE]
	at com.sun.proxy.$Proxy15.prepareStatement(Unknown Source) ~[na:na]
	at org.hibernate.engine.jdbc.internal.StatementPreparerImpl$5.doPrepare(StatementPreparerImpl.java:162) ~[hibernate-core-4.3.11.Final.jar:4.3.11.Final]
	at org.hibernate.engine.jdbc.internal.StatementPreparerImpl$StatementPreparationTemplate.prepareStatement(StatementPreparerImpl.java:186) ~[hibernate-core-4.3.11.Final.jar:4.3.11.Final]
	... 35 common frames omitted
Caused by: org.hsqldb.HsqlException: user lacks privilege or object not found: TARGET
	at org.hsqldb.error.Error.error(Unknown Source) ~[hsqldb-2.3.3.jar:2.3.3]
	at org.hsqldb.error.Error.error(Unknown Source) ~[hsqldb-2.3.3.jar:2.3.3]
	at org.hsqldb.ParserDQL.readTableName(Unknown Source) ~[hsqldb-2.3.3.jar:2.3.3]
	at org.hsqldb.ParserDQL.readTableOrSubquery(Unknown Source) ~[hsqldb-2.3.3.jar:2.3.3]
	at org.hsqldb.ParserDQL.XreadTableReference(Unknown Source) ~[hsqldb-2.3.3.jar:2.3.3]
	at org.hsqldb.ParserDQL.XreadFromClause(Unknown Source) ~[hsqldb-2.3.3.jar:2.3.3]
	at org.hsqldb.ParserDQL.XreadTableExpression(Unknown Source) ~[hsqldb-2.3.3.jar:2.3.3]
	at org.hsqldb.ParserDQL.XreadQuerySpecification(Unknown Source) ~[hsqldb-2.3.3.jar:2.3.3]
	at org.hsqldb.ParserDQL.XreadSimpleTable(Unknown Source) ~[hsqldb-2.3.3.jar:2.3.3]
	at org.hsqldb.ParserDQL.XreadQueryPrimary(Unknown Source) ~[hsqldb-2.3.3.jar:2.3.3]
	at org.hsqldb.ParserDQL.XreadQueryTerm(Unknown Source) ~[hsqldb-2.3.3.jar:2.3.3]
	at org.hsqldb.ParserDQL.XreadQueryExpressionBody(Unknown Source) ~[hsqldb-2.3.3.jar:2.3.3]
	at org.hsqldb.ParserDQL.XreadQueryExpression(Unknown Source) ~[hsqldb-2.3.3.jar:2.3.3]
	at org.hsqldb.ParserDQL.compileCursorSpecification(Unknown Source) ~[hsqldb-2.3.3.jar:2.3.3]
	at org.hsqldb.ParserCommand.compilePart(Unknown Source) ~[hsqldb-2.3.3.jar:2.3.3]
	at org.hsqldb.ParserCommand.compileStatement(Unknown Source) ~[hsqldb-2.3.3.jar:2.3.3]
	at org.hsqldb.Session.compileStatement(Unknown Source) ~[hsqldb-2.3.3.jar:2.3.3]
	at org.hsqldb.StatementManager.compile(Unknown Source) ~[hsqldb-2.3.3.jar:2.3.3]
	at org.hsqldb.Session.execute(Unknown Source) ~[hsqldb-2.3.3.jar:2.3.3]
	... 45 common frames omitted
2015-12-01 15:49:13 ERROR [br.com.tcc.service.impl.MonitorServiceImpl] - Erro na rotina de monitoramento.
org.hibernate.exception.SQLGrammarException: could not prepare statement
	at org.hibernate.exception.internal.SQLExceptionTypeDelegate.convert(SQLExceptionTypeDelegate.java:80) ~[hibernate-core-4.3.11.Final.jar:4.3.11.Final]
	at org.hibernate.exception.internal.StandardSQLExceptionConverter.convert(StandardSQLExceptionConverter.java:49) ~[hibernate-core-4.3.11.Final.jar:4.3.11.Final]
	at org.hibernate.engine.jdbc.spi.SqlExceptionHelper.convert(SqlExceptionHelper.java:126) ~[hibernate-core-4.3.11.Final.jar:4.3.11.Final]
	at org.hibernate.engine.jdbc.internal.StatementPreparerImpl$StatementPreparationTemplate.prepareStatement(StatementPreparerImpl.java:196) ~[hibernate-core-4.3.11.Final.jar:4.3.11.Final]
	at org.hibernate.engine.jdbc.internal.StatementPreparerImpl.prepareQueryStatement(StatementPreparerImpl.java:160) ~[hibernate-core-4.3.11.Final.jar:4.3.11.Final]
	at org.hibernate.loader.Loader.prepareQueryStatement(Loader.java:1885) ~[hibernate-core-4.3.11.Final.jar:4.3.11.Final]
	at org.hibernate.loader.Loader.executeQueryStatement(Loader.java:1862) ~[hibernate-core-4.3.11.Final.jar:4.3.11.Final]
	at org.hibernate.loader.Loader.executeQueryStatement(Loader.java:1839) ~[hibernate-core-4.3.11.Final.jar:4.3.11.Final]
	at org.hibernate.loader.Loader.doQuery(Loader.java:910) ~[hibernate-core-4.3.11.Final.jar:4.3.11.Final]
	at org.hibernate.loader.Loader.doQueryAndInitializeNonLazyCollections(Loader.java:355) ~[hibernate-core-4.3.11.Final.jar:4.3.11.Final]
	at org.hibernate.loader.Loader.doList(Loader.java:2554) ~[hibernate-core-4.3.11.Final.jar:4.3.11.Final]
	at org.hibernate.loader.Loader.doList(Loader.java:2540) ~[hibernate-core-4.3.11.Final.jar:4.3.11.Final]
	at org.hibernate.loader.Loader.listIgnoreQueryCache(Loader.java:2370) ~[hibernate-core-4.3.11.Final.jar:4.3.11.Final]
	at org.hibernate.loader.Loader.list(Loader.java:2365) ~[hibernate-core-4.3.11.Final.jar:4.3.11.Final]
	at org.hibernate.loader.criteria.CriteriaLoader.list(CriteriaLoader.java:126) ~[hibernate-core-4.3.11.Final.jar:4.3.11.Final]
	at org.hibernate.internal.SessionImpl.list(SessionImpl.java:1718) ~[hibernate-core-4.3.11.Final.jar:4.3.11.Final]
	at org.hibernate.internal.CriteriaImpl.list(CriteriaImpl.java:380) ~[hibernate-core-4.3.11.Final.jar:4.3.11.Final]
	at br.com.tcc.service.persistence.HibernateCrudDao.findAll(HibernateCrudDao.java:103) ~[classes/:na]
	at br.com.tcc.service.persistence.HibernateCrudDao.findAll(HibernateCrudDao.java:91) ~[classes/:na]
	at br.com.tcc.service.impl.MonitorServiceImpl.reachableVerify(MonitorServiceImpl.java:52) ~[classes/:na]
	at br.com.tcc.service.impl.MonitorServiceImpl$$FastClassBySpringCGLIB$$e8bab420.invoke(<generated>) [spring-core-4.2.2.RELEASE.jar:na]
	at org.springframework.cglib.proxy.MethodProxy.invoke(MethodProxy.java:204) [spring-core-4.2.2.RELEASE.jar:4.2.2.RELEASE]
	at org.springframework.aop.framework.CglibAopProxy$CglibMethodInvocation.invokeJoinpoint(CglibAopProxy.java:717) [spring-aop-4.2.2.RELEASE.jar:4.2.2.RELEASE]
	at org.springframework.aop.framework.ReflectiveMethodInvocation.proceed(ReflectiveMethodInvocation.java:157) [spring-aop-4.2.2.RELEASE.jar:4.2.2.RELEASE]
	at org.springframework.transaction.interceptor.TransactionInterceptor$1.proceedWithInvocation(TransactionInterceptor.java:99) [spring-tx-4.2.2.RELEASE.jar:4.2.2.RELEASE]
	at org.springframework.transaction.interceptor.TransactionAspectSupport.invokeWithinTransaction(TransactionAspectSupport.java:281) [spring-tx-4.2.2.RELEASE.jar:4.2.2.RELEASE]
	at org.springframework.transaction.interceptor.TransactionInterceptor.invoke(TransactionInterceptor.java:96) [spring-tx-4.2.2.RELEASE.jar:4.2.2.RELEASE]
	at org.springframework.aop.framework.ReflectiveMethodInvocation.proceed(ReflectiveMethodInvocation.java:179) [spring-aop-4.2.2.RELEASE.jar:4.2.2.RELEASE]
	at org.springframework.aop.framework.CglibAopProxy$DynamicAdvisedInterceptor.intercept(CglibAopProxy.java:653) [spring-aop-4.2.2.RELEASE.jar:4.2.2.RELEASE]
	at br.com.tcc.service.impl.MonitorServiceImpl$$EnhancerBySpringCGLIB$$5fc1721b.reachableVerify(<generated>) [spring-core-4.2.2.RELEASE.jar:na]
	at sun.reflect.NativeMethodAccessorImpl.invoke0(Native Method) ~[na:1.7.0_21]
	at sun.reflect.NativeMethodAccessorImpl.invoke(NativeMethodAccessorImpl.java:57) ~[na:1.7.0_21]
	at sun.reflect.DelegatingMethodAccessorImpl.invoke(DelegatingMethodAccessorImpl.java:43) ~[na:1.7.0_21]
	at java.lang.reflect.Method.invoke(Method.java:601) ~[na:1.7.0_21]
	at org.springframework.util.MethodInvoker.invoke(MethodInvoker.java:269) [spring-core-4.2.2.RELEASE.jar:4.2.2.RELEASE]
	at org.springframework.scheduling.quartz.MethodInvokingJobDetailFactoryBean$MethodInvokingJob.executeInternal(MethodInvokingJobDetailFactoryBean.java:257) [spring-context-support-4.2.2.RELEASE.jar:4.2.2.RELEASE]
	at org.springframework.scheduling.quartz.QuartzJobBean.execute(QuartzJobBean.java:75) [spring-context-support-4.2.2.RELEASE.jar:4.2.2.RELEASE]
	at org.quartz.core.JobRunShell.run(JobRunShell.java:202) [quartz-2.2.2.jar:na]
	at org.quartz.simpl.SimpleThreadPool$WorkerThread.run(SimpleThreadPool.java:573) [quartz-2.2.2.jar:na]
Caused by: java.sql.SQLSyntaxErrorException: user lacks privilege or object not found: TARGET
	at org.hsqldb.jdbc.JDBCUtil.sqlException(Unknown Source) ~[hsqldb-2.3.3.jar:2.3.3]
	at org.hsqldb.jdbc.JDBCUtil.sqlException(Unknown Source) ~[hsqldb-2.3.3.jar:2.3.3]
	at org.hsqldb.jdbc.JDBCPreparedStatement.<init>(Unknown Source) ~[hsqldb-2.3.3.jar:2.3.3]
	at org.hsqldb.jdbc.JDBCConnection.prepareStatement(Unknown Source) ~[hsqldb-2.3.3.jar:2.3.3]
	at sun.reflect.NativeMethodAccessorImpl.invoke0(Native Method) ~[na:1.7.0_21]
	at sun.reflect.NativeMethodAccessorImpl.invoke(NativeMethodAccessorImpl.java:57) ~[na:1.7.0_21]
	at sun.reflect.DelegatingMethodAccessorImpl.invoke(DelegatingMethodAccessorImpl.java:43) ~[na:1.7.0_21]
	at java.lang.reflect.Method.invoke(Method.java:601) ~[na:1.7.0_21]
	at org.springframework.jdbc.datasource.SingleConnectionDataSource$CloseSuppressingInvocationHandler.invoke(SingleConnectionDataSource.java:333) ~[spring-jdbc-4.2.2.RELEASE.jar:4.2.2.RELEASE]
	at com.sun.proxy.$Proxy15.prepareStatement(Unknown Source) ~[na:na]
	at org.hibernate.engine.jdbc.internal.StatementPreparerImpl$5.doPrepare(StatementPreparerImpl.java:162) ~[hibernate-core-4.3.11.Final.jar:4.3.11.Final]
	at org.hibernate.engine.jdbc.internal.StatementPreparerImpl$StatementPreparationTemplate.prepareStatement(StatementPreparerImpl.java:186) ~[hibernate-core-4.3.11.Final.jar:4.3.11.Final]
	... 35 common frames omitted
Caused by: org.hsqldb.HsqlException: user lacks privilege or object not found: TARGET
	at org.hsqldb.error.Error.error(Unknown Source) ~[hsqldb-2.3.3.jar:2.3.3]
	at org.hsqldb.error.Error.error(Unknown Source) ~[hsqldb-2.3.3.jar:2.3.3]
	at org.hsqldb.ParserDQL.readTableName(Unknown Source) ~[hsqldb-2.3.3.jar:2.3.3]
	at org.hsqldb.ParserDQL.readTableOrSubquery(Unknown Source) ~[hsqldb-2.3.3.jar:2.3.3]
	at org.hsqldb.ParserDQL.XreadTableReference(Unknown Source) ~[hsqldb-2.3.3.jar:2.3.3]
	at org.hsqldb.ParserDQL.XreadFromClause(Unknown Source) ~[hsqldb-2.3.3.jar:2.3.3]
	at org.hsqldb.ParserDQL.XreadTableExpression(Unknown Source) ~[hsqldb-2.3.3.jar:2.3.3]
	at org.hsqldb.ParserDQL.XreadQuerySpecification(Unknown Source) ~[hsqldb-2.3.3.jar:2.3.3]
	at org.hsqldb.ParserDQL.XreadSimpleTable(Unknown Source) ~[hsqldb-2.3.3.jar:2.3.3]
	at org.hsqldb.ParserDQL.XreadQueryPrimary(Unknown Source) ~[hsqldb-2.3.3.jar:2.3.3]
	at org.hsqldb.ParserDQL.XreadQueryTerm(Unknown Source) ~[hsqldb-2.3.3.jar:2.3.3]
	at org.hsqldb.ParserDQL.XreadQueryExpressionBody(Unknown Source) ~[hsqldb-2.3.3.jar:2.3.3]
	at org.hsqldb.ParserDQL.XreadQueryExpression(Unknown Source) ~[hsqldb-2.3.3.jar:2.3.3]
	at org.hsqldb.ParserDQL.compileCursorSpecification(Unknown Source) ~[hsqldb-2.3.3.jar:2.3.3]
	at org.hsqldb.ParserCommand.compilePart(Unknown Source) ~[hsqldb-2.3.3.jar:2.3.3]
	at org.hsqldb.ParserCommand.compileStatement(Unknown Source) ~[hsqldb-2.3.3.jar:2.3.3]
	at org.hsqldb.Session.compileStatement(Unknown Source) ~[hsqldb-2.3.3.jar:2.3.3]
	at org.hsqldb.StatementManager.compile(Unknown Source) ~[hsqldb-2.3.3.jar:2.3.3]
	at org.hsqldb.Session.execute(Unknown Source) ~[hsqldb-2.3.3.jar:2.3.3]
	... 45 common frames omitted
2015-12-01 15:56:38 ERROR [br.com.tcc.service.impl.MonitorServiceImpl] - Erro na rotina de monitoramento.
org.hibernate.exception.SQLGrammarException: could not prepare statement
	at org.hibernate.exception.internal.SQLExceptionTypeDelegate.convert(SQLExceptionTypeDelegate.java:80) ~[hibernate-core-4.3.11.Final.jar:4.3.11.Final]
	at org.hibernate.exception.internal.StandardSQLExceptionConverter.convert(StandardSQLExceptionConverter.java:49) ~[hibernate-core-4.3.11.Final.jar:4.3.11.Final]
	at org.hibernate.engine.jdbc.spi.SqlExceptionHelper.convert(SqlExceptionHelper.java:126) ~[hibernate-core-4.3.11.Final.jar:4.3.11.Final]
	at org.hibernate.engine.jdbc.internal.StatementPreparerImpl$StatementPreparationTemplate.prepareStatement(StatementPreparerImpl.java:196) ~[hibernate-core-4.3.11.Final.jar:4.3.11.Final]
	at org.hibernate.engine.jdbc.internal.StatementPreparerImpl.prepareQueryStatement(StatementPreparerImpl.java:160) ~[hibernate-core-4.3.11.Final.jar:4.3.11.Final]
	at org.hibernate.loader.Loader.prepareQueryStatement(Loader.java:1885) ~[hibernate-core-4.3.11.Final.jar:4.3.11.Final]
	at org.hibernate.loader.Loader.executeQueryStatement(Loader.java:1862) ~[hibernate-core-4.3.11.Final.jar:4.3.11.Final]
	at org.hibernate.loader.Loader.executeQueryStatement(Loader.java:1839) ~[hibernate-core-4.3.11.Final.jar:4.3.11.Final]
	at org.hibernate.loader.Loader.doQuery(Loader.java:910) ~[hibernate-core-4.3.11.Final.jar:4.3.11.Final]
	at org.hibernate.loader.Loader.doQueryAndInitializeNonLazyCollections(Loader.java:355) ~[hibernate-core-4.3.11.Final.jar:4.3.11.Final]
	at org.hibernate.loader.Loader.doList(Loader.java:2554) ~[hibernate-core-4.3.11.Final.jar:4.3.11.Final]
	at org.hibernate.loader.Loader.doList(Loader.java:2540) ~[hibernate-core-4.3.11.Final.jar:4.3.11.Final]
	at org.hibernate.loader.Loader.listIgnoreQueryCache(Loader.java:2370) ~[hibernate-core-4.3.11.Final.jar:4.3.11.Final]
	at org.hibernate.loader.Loader.list(Loader.java:2365) ~[hibernate-core-4.3.11.Final.jar:4.3.11.Final]
	at org.hibernate.loader.criteria.CriteriaLoader.list(CriteriaLoader.java:126) ~[hibernate-core-4.3.11.Final.jar:4.3.11.Final]
	at org.hibernate.internal.SessionImpl.list(SessionImpl.java:1718) ~[hibernate-core-4.3.11.Final.jar:4.3.11.Final]
	at org.hibernate.internal.CriteriaImpl.list(CriteriaImpl.java:380) ~[hibernate-core-4.3.11.Final.jar:4.3.11.Final]
	at br.com.tcc.service.persistence.HibernateCrudDao.findAll(HibernateCrudDao.java:103) ~[classes/:na]
	at br.com.tcc.service.persistence.HibernateCrudDao.findAll(HibernateCrudDao.java:91) ~[classes/:na]
	at br.com.tcc.service.impl.MonitorServiceImpl.reachableVerify(MonitorServiceImpl.java:52) ~[classes/:na]
	at br.com.tcc.service.impl.MonitorServiceImpl$$FastClassBySpringCGLIB$$e8bab420.invoke(<generated>) [spring-core-4.2.2.RELEASE.jar:na]
	at org.springframework.cglib.proxy.MethodProxy.invoke(MethodProxy.java:204) [spring-core-4.2.2.RELEASE.jar:4.2.2.RELEASE]
	at org.springframework.aop.framework.CglibAopProxy$CglibMethodInvocation.invokeJoinpoint(CglibAopProxy.java:717) [spring-aop-4.2.2.RELEASE.jar:4.2.2.RELEASE]
	at org.springframework.aop.framework.ReflectiveMethodInvocation.proceed(ReflectiveMethodInvocation.java:157) [spring-aop-4.2.2.RELEASE.jar:4.2.2.RELEASE]
	at org.springframework.transaction.interceptor.TransactionInterceptor$1.proceedWithInvocation(TransactionInterceptor.java:99) [spring-tx-4.2.2.RELEASE.jar:4.2.2.RELEASE]
	at org.springframework.transaction.interceptor.TransactionAspectSupport.invokeWithinTransaction(TransactionAspectSupport.java:281) [spring-tx-4.2.2.RELEASE.jar:4.2.2.RELEASE]
	at org.springframework.transaction.interceptor.TransactionInterceptor.invoke(TransactionInterceptor.java:96) [spring-tx-4.2.2.RELEASE.jar:4.2.2.RELEASE]
	at org.springframework.aop.framework.ReflectiveMethodInvocation.proceed(ReflectiveMethodInvocation.java:179) [spring-aop-4.2.2.RELEASE.jar:4.2.2.RELEASE]
	at org.springframework.aop.framework.CglibAopProxy$DynamicAdvisedInterceptor.intercept(CglibAopProxy.java:653) [spring-aop-4.2.2.RELEASE.jar:4.2.2.RELEASE]
	at br.com.tcc.service.impl.MonitorServiceImpl$$EnhancerBySpringCGLIB$$e082f162.reachableVerify(<generated>) [spring-core-4.2.2.RELEASE.jar:na]
	at sun.reflect.NativeMethodAccessorImpl.invoke0(Native Method) ~[na:1.7.0_21]
	at sun.reflect.NativeMethodAccessorImpl.invoke(NativeMethodAccessorImpl.java:57) ~[na:1.7.0_21]
	at sun.reflect.DelegatingMethodAccessorImpl.invoke(DelegatingMethodAccessorImpl.java:43) ~[na:1.7.0_21]
	at java.lang.reflect.Method.invoke(Method.java:601) ~[na:1.7.0_21]
	at org.springframework.util.MethodInvoker.invoke(MethodInvoker.java:269) [spring-core-4.2.2.RELEASE.jar:4.2.2.RELEASE]
	at org.springframework.scheduling.quartz.MethodInvokingJobDetailFactoryBean$MethodInvokingJob.executeInternal(MethodInvokingJobDetailFactoryBean.java:257) [spring-context-support-4.2.2.RELEASE.jar:4.2.2.RELEASE]
	at org.springframework.scheduling.quartz.QuartzJobBean.execute(QuartzJobBean.java:75) [spring-context-support-4.2.2.RELEASE.jar:4.2.2.RELEASE]
	at org.quartz.core.JobRunShell.run(JobRunShell.java:202) [quartz-2.2.2.jar:na]
	at org.quartz.simpl.SimpleThreadPool$WorkerThread.run(SimpleThreadPool.java:573) [quartz-2.2.2.jar:na]
Caused by: java.sql.SQLSyntaxErrorException: user lacks privilege or object not found: TARGET
	at org.hsqldb.jdbc.JDBCUtil.sqlException(Unknown Source) ~[hsqldb-2.3.3.jar:2.3.3]
	at org.hsqldb.jdbc.JDBCUtil.sqlException(Unknown Source) ~[hsqldb-2.3.3.jar:2.3.3]
	at org.hsqldb.jdbc.JDBCPreparedStatement.<init>(Unknown Source) ~[hsqldb-2.3.3.jar:2.3.3]
	at org.hsqldb.jdbc.JDBCConnection.prepareStatement(Unknown Source) ~[hsqldb-2.3.3.jar:2.3.3]
	at sun.reflect.NativeMethodAccessorImpl.invoke0(Native Method) ~[na:1.7.0_21]
	at sun.reflect.NativeMethodAccessorImpl.invoke(NativeMethodAccessorImpl.java:57) ~[na:1.7.0_21]
	at sun.reflect.DelegatingMethodAccessorImpl.invoke(DelegatingMethodAccessorImpl.java:43) ~[na:1.7.0_21]
	at java.lang.reflect.Method.invoke(Method.java:601) ~[na:1.7.0_21]
	at org.springframework.jdbc.datasource.SingleConnectionDataSource$CloseSuppressingInvocationHandler.invoke(SingleConnectionDataSource.java:333) ~[spring-jdbc-4.2.2.RELEASE.jar:4.2.2.RELEASE]
	at com.sun.proxy.$Proxy15.prepareStatement(Unknown Source) ~[na:na]
	at org.hibernate.engine.jdbc.internal.StatementPreparerImpl$5.doPrepare(StatementPreparerImpl.java:162) ~[hibernate-core-4.3.11.Final.jar:4.3.11.Final]
	at org.hibernate.engine.jdbc.internal.StatementPreparerImpl$StatementPreparationTemplate.prepareStatement(StatementPreparerImpl.java:186) ~[hibernate-core-4.3.11.Final.jar:4.3.11.Final]
	... 35 common frames omitted
Caused by: org.hsqldb.HsqlException: user lacks privilege or object not found: TARGET
	at org.hsqldb.error.Error.error(Unknown Source) ~[hsqldb-2.3.3.jar:2.3.3]
	at org.hsqldb.error.Error.error(Unknown Source) ~[hsqldb-2.3.3.jar:2.3.3]
	at org.hsqldb.ParserDQL.readTableName(Unknown Source) ~[hsqldb-2.3.3.jar:2.3.3]
	at org.hsqldb.ParserDQL.readTableOrSubquery(Unknown Source) ~[hsqldb-2.3.3.jar:2.3.3]
	at org.hsqldb.ParserDQL.XreadTableReference(Unknown Source) ~[hsqldb-2.3.3.jar:2.3.3]
	at org.hsqldb.ParserDQL.XreadFromClause(Unknown Source) ~[hsqldb-2.3.3.jar:2.3.3]
	at org.hsqldb.ParserDQL.XreadTableExpression(Unknown Source) ~[hsqldb-2.3.3.jar:2.3.3]
	at org.hsqldb.ParserDQL.XreadQuerySpecification(Unknown Source) ~[hsqldb-2.3.3.jar:2.3.3]
	at org.hsqldb.ParserDQL.XreadSimpleTable(Unknown Source) ~[hsqldb-2.3.3.jar:2.3.3]
	at org.hsqldb.ParserDQL.XreadQueryPrimary(Unknown Source) ~[hsqldb-2.3.3.jar:2.3.3]
	at org.hsqldb.ParserDQL.XreadQueryTerm(Unknown Source) ~[hsqldb-2.3.3.jar:2.3.3]
	at org.hsqldb.ParserDQL.XreadQueryExpressionBody(Unknown Source) ~[hsqldb-2.3.3.jar:2.3.3]
	at org.hsqldb.ParserDQL.XreadQueryExpression(Unknown Source) ~[hsqldb-2.3.3.jar:2.3.3]
	at org.hsqldb.ParserDQL.compileCursorSpecification(Unknown Source) ~[hsqldb-2.3.3.jar:2.3.3]
	at org.hsqldb.ParserCommand.compilePart(Unknown Source) ~[hsqldb-2.3.3.jar:2.3.3]
	at org.hsqldb.ParserCommand.compileStatement(Unknown Source) ~[hsqldb-2.3.3.jar:2.3.3]
	at org.hsqldb.Session.compileStatement(Unknown Source) ~[hsqldb-2.3.3.jar:2.3.3]
	at org.hsqldb.StatementManager.compile(Unknown Source) ~[hsqldb-2.3.3.jar:2.3.3]
	at org.hsqldb.Session.execute(Unknown Source) ~[hsqldb-2.3.3.jar:2.3.3]
	... 45 common frames omitted
