\BOOKMARK [0][-]{chapter*.5}{Lista de Tabelas}{}% 1
\BOOKMARK [0][-]{chapter.1}{Introdu\347\343o}{}% 2
\BOOKMARK [1][-]{section.1.1}{Motiva\347\343o}{chapter.1}% 3
\BOOKMARK [1][-]{section.1.2}{Problema}{chapter.1}% 4
\BOOKMARK [1][-]{section.1.3}{Objetivos}{chapter.1}% 5
\BOOKMARK [1][-]{section.1.4}{Metodologia}{chapter.1}% 6
\BOOKMARK [1][-]{section.1.5}{Estrutura do Trabalho}{chapter.1}% 7
\BOOKMARK [0][-]{chapter.2}{Trabalhos Relacionados}{}% 8
\BOOKMARK [1][-]{section.2.1}{Engage}{chapter.2}% 9
\BOOKMARK [1][-]{section.2.2}{Apta}{chapter.2}% 10
\BOOKMARK [1][-]{section.2.3}{Moodle}{chapter.2}% 11
\BOOKMARK [1][-]{section.2.4}{Kaptiva}{chapter.2}% 12
\BOOKMARK [1][-]{section.2.5}{Dokeos}{chapter.2}% 13
\BOOKMARK [0][-]{chapter.3}{Proposta Metodol\363gica: Plataforma GameInfor}{}% 14
\BOOKMARK [1][-]{section.3.1}{Especifica\347\343o de Requisitos}{chapter.3}% 15
\BOOKMARK [2][-]{subsection.3.1.1}{Requisitos Funcionais}{section.3.1}% 16
\BOOKMARK [2][-]{subsection.3.1.2}{Requisitos N\343o Funcionais}{section.3.1}% 17
\BOOKMARK [1][-]{section.3.2}{Arquitetura do Sistema}{chapter.3}% 18
\BOOKMARK [1][-]{section.3.3}{Casos de Uso}{chapter.3}% 19
\BOOKMARK [2][-]{subsection.3.3.1}{Caso de Uso 01 - Cadastrar Aluno}{section.3.3}% 20
\BOOKMARK [2][-]{subsection.3.3.2}{Caso de Uso 02 - Cadastrar Professor}{section.3.3}% 21
\BOOKMARK [2][-]{subsection.3.3.3}{Caso de Uso 03 - Fazer Login}{section.3.3}% 22
\BOOKMARK [2][-]{subsection.3.3.4}{Caso de Uso 04 - Fazer Logoff}{section.3.3}% 23
\BOOKMARK [2][-]{subsection.3.3.5}{Caso de Uso 05 - Alterar Cadastro do Usu\341rio}{section.3.3}% 24
\BOOKMARK [2][-]{subsection.3.3.6}{Caso de Uso 06 - Cadastrar Pergunta}{section.3.3}% 25
\BOOKMARK [2][-]{subsection.3.3.7}{Caso de Uso 07 - Alterar Pergunta}{section.3.3}% 26
\BOOKMARK [2][-]{subsection.3.3.8}{Caso de Uso 08 - Excluir Pergunta}{section.3.3}% 27
\BOOKMARK [2][-]{subsection.3.3.9}{Caso de Uso 09 - Consultar Pergunta}{section.3.3}% 28
\BOOKMARK [2][-]{subsection.3.3.10}{Caso de Uso 10 - Cadastrar Curso}{section.3.3}% 29
\BOOKMARK [2][-]{subsection.3.3.11}{Caso de Uso 11 - Alterar Curso}{section.3.3}% 30
\BOOKMARK [2][-]{subsection.3.3.12}{Caso de Uso 12 - Excluir Curso}{section.3.3}% 31
\BOOKMARK [2][-]{subsection.3.3.13}{Caso de Uso 13 - Consultar Curso}{section.3.3}% 32
\BOOKMARK [2][-]{subsection.3.3.14}{Caso de Uso 14 - Acompanhar andamento dos alunos}{section.3.3}% 33
\BOOKMARK [2][-]{subsection.3.3.15}{Caso de Uso 15 - Entrar em Curso}{section.3.3}% 34
\BOOKMARK [2][-]{subsection.3.3.16}{Caso de Uso 16 - Fazer Curso}{section.3.3}% 35
\BOOKMARK [2][-]{subsection.3.3.17}{Caso de Uso 17 - Acompanhar pr\363prio andamento}{section.3.3}% 36
\BOOKMARK [2][-]{subsection.3.3.18}{Caso de Uso 18 - Cadastrar Categorias de Perguntas}{section.3.3}% 37
\BOOKMARK [2][-]{subsection.3.3.19}{Caso de Uso 19 - Alterar Categorias de Perguntas}{section.3.3}% 38
\BOOKMARK [2][-]{subsection.3.3.20}{Caso de Uso 20 - Excluir Categorias de Perguntas}{section.3.3}% 39
\BOOKMARK [2][-]{subsection.3.3.21}{Caso de Uso 21 - Consultar Categorias de Perguntas}{section.3.3}% 40
\BOOKMARK [1][-]{section.3.4}{Diagrama de Sequ\352ncia}{chapter.3}% 41
\BOOKMARK [2][-]{subsection.3.4.1}{Diagrama de Sequ\352ncia 01 - Cadastro de Professor}{section.3.4}% 42
\BOOKMARK [2][-]{subsection.3.4.2}{Diagrama de Sequ\352ncia 02 - Cadastro de Aluno}{section.3.4}% 43
\BOOKMARK [2][-]{subsection.3.4.3}{Diagrama de Sequ\352ncia 03 - Cadastro de Pergunta}{section.3.4}% 44
\BOOKMARK [2][-]{subsection.3.4.4}{Diagrama de Sequ\352ncia 04 - Cadastro de Curso}{section.3.4}% 45
\BOOKMARK [1][-]{section.3.5}{Diagrama de classes}{chapter.3}% 46
\BOOKMARK [1][-]{section.3.6}{Telas e Funcionalidades}{chapter.3}% 47
\BOOKMARK [2][-]{subsection.3.6.1}{Descri\347\343o Geral}{section.3.6}% 48
\BOOKMARK [2][-]{subsection.3.6.2}{Acessar a plataforma}{section.3.6}% 49
\BOOKMARK [2][-]{subsection.3.6.3}{Login}{section.3.6}% 50
\BOOKMARK [2][-]{subsection.3.6.4}{Editar Dados do Usu\341rio}{section.3.6}% 51
\BOOKMARK [2][-]{subsection.3.6.5}{Tela Sobre}{section.3.6}% 52
\BOOKMARK [2][-]{subsection.3.6.6}{Manual}{section.3.6}% 53
\BOOKMARK [2][-]{subsection.3.6.7}{Funcionalidades do Administrador}{section.3.6}% 54
\BOOKMARK [3][-]{subsubsection*.6}{Dados dos Professor}{subsection.3.6.7}% 55
\BOOKMARK [3][-]{subsubsection*.7}{Dados das Categoria}{subsection.3.6.7}% 56
\BOOKMARK [2][-]{subsection.3.6.8}{Funcionalidades do Professor}{section.3.6}% 57
\BOOKMARK [3][-]{subsubsection*.8}{Dados das Perguntas}{subsection.3.6.8}% 58
\BOOKMARK [3][-]{subsubsection*.9}{Simulador de Jogo}{subsection.3.6.8}% 59
\BOOKMARK [3][-]{subsubsection*.10}{Simulador de Tabuleiro}{subsection.3.6.8}% 60
\BOOKMARK [3][-]{subsubsection*.11}{Dados dos Curso}{subsection.3.6.8}% 61
\BOOKMARK [2][-]{subsection.3.6.9}{Funcionalidades do Aluno}{section.3.6}% 62
\BOOKMARK [3][-]{subsubsection*.12}{Cadastro de Aluno}{subsection.3.6.9}% 63
\BOOKMARK [3][-]{subsubsection*.13}{Consultar Curso}{subsection.3.6.9}% 64
\BOOKMARK [3][-]{subsubsection*.14}{Meus Cursos}{subsection.3.6.9}% 65
\BOOKMARK [3][-]{subsubsection*.15}{Ver Meu Andamento}{subsection.3.6.9}% 66
\BOOKMARK [0][-]{figure.3.42}{Refer\352ncias Bibliogr\341ficas}{}% 67
